<?xml version="1.0" encoding="UTF-8"?>
<!-- Generated by org.testng.reporters.JUnitReportReporter -->
<testsuite hostname="Bhagyashree" failures="0" tests="1" name="Basic.OtganizationTest" time="6.529" errors="0" timestamp="2024-03-23T10:08:54 IST" skipped="0">
  <testcase classname="Basic.OtganizationTest" name="OrgTest" time="6.529"/>
  <system-out/>
</testsuite> <!-- Basic.OtganizationTest -->
