<?xml version="1.0" encoding="UTF-8"?>
<!-- Generated by org.testng.reporters.JUnitReportReporter -->
<testsuite hostname="Bhagyashree" failures="0" tests="1" name="Basic.OrganizationTest" time="13.611" errors="0" timestamp="2024-03-15T12:50:48 IST" skipped="0">
  <testcase classname="Basic.OrganizationTest" name="CreateOrganizationsTest" time="13.611"/>
  <system-out/>
</testsuite> <!-- Basic.OrganizationTest -->
